02-05-2020  15:51:00  Starting Tablplot 7.17, revision date 1-13-2006
SF.INI file: C:\LANL\SF.INI  9-30-2019  11:41:14
Opening C:\Users\Nakai\LANL-tmp\Examples\Electrostatic\ChargeDensity\c1q1.tbl   2-05-2020  15:50:58
02-05-2020  15:51:17  Starting Tablplot 7.17, revision date 1-13-2006
SF.INI file: C:\LANL\SF.INI  9-30-2019  11:41:14
Opening C:\Users\Nakai\LANL-tmp\Examples\Electrostatic\ChargeDensity\c1qc1.tbl   2-05-2020  15:51:14
02-05-2020  15:51:33  Starting Tablplot 7.17, revision date 1-13-2006
SF.INI file: C:\LANL\SF.INI  9-30-2019  11:41:14
Opening C:\Users\Nakai\LANL-tmp\Examples\Electrostatic\ChargeDensity\c1qmm1.tbl   2-05-2020  15:51:30
02-05-2020  15:51:51  Starting Tablplot 7.17, revision date 1-13-2006
SF.INI file: C:\LANL\SF.INI  9-30-2019  11:41:14
Opening C:\Users\Nakai\LANL-tmp\Examples\Electrostatic\ChargeDensity\c4q1.tbl   2-05-2020  15:51:48
02-05-2020  15:52:09  Starting Tablplot 7.17, revision date 1-13-2006
SF.INI file: C:\LANL\SF.INI  9-30-2019  11:41:14
Opening C:\Users\Nakai\LANL-tmp\Examples\Electrostatic\ChargeDensity\c4qtri1.tbl   2-05-2020  15:52:06
02-05-2020  15:52:26  Starting Tablplot 7.17, revision date 1-13-2006
SF.INI file: C:\LANL\SF.INI  9-30-2019  11:41:14
Opening C:\Users\Nakai\LANL-tmp\Examples\Electrostatic\ChargeDensity\c4qpnt1.tbl   2-05-2020  15:52:24
02-05-2020  17:12:46  Starting Tablplot 7.17, revision date 1-13-2006
SF.INI file: C:\LANL\SF.INI  2-05-2020  17:11:10
Opening C:\Users\Nakai\LANL-tmp\Examples\Electrostatic\ChargeDensity\C4QPNT1.TBL   2-05-2020  15:52:24
02-05-2020  17:13:10  Starting Tablplot 7.17, revision date 1-13-2006
SF.INI file: C:\LANL\SF.INI  2-05-2020  17:11:10
Opening C:\Users\Nakai\LANL-tmp\Examples\Electrostatic\ChargeDensity\C4QPNT1.TBL   2-05-2020  15:52:24
02-05-2020  17:13:37  Starting Tablplot 7.17, revision date 1-13-2006
SF.INI file: C:\LANL\SF.INI  2-05-2020  17:11:10
Opening C:\Users\Nakai\LANL-tmp\Examples\Electrostatic\ChargeDensity\C4QPNT1.TBL   2-05-2020  15:52:24
02-05-2020  17:14:09  Starting Tablplot 7.17, revision date 1-13-2006
SF.INI file: C:\LANL\SF.INI  2-05-2020  17:11:10
Opening C:\Users\Nakai\LANL-tmp\Examples\Electrostatic\ChargeDensity\C4Q1.TBL   2-05-2020  15:51:48
02-05-2020  17:15:18  Starting Tablplot 7.17, revision date 1-13-2006
SF.INI file: C:\LANL\SF.INI  2-05-2020  17:11:10
Opening C:\Users\Nakai\LANL-tmp\Examples\Electrostatic\ChargeDensity\C1Q1.TBL   2-05-2020  15:50:58
02-05-2020  17:16:00  Starting Tablplot 7.17, revision date 1-13-2006
SF.INI file: C:\LANL\SF.INI  2-05-2020  17:11:10
Opening C:\Users\Nakai\LANL-tmp\Examples\Electrostatic\ChargeDensity\C4QTRI1.TBL   2-05-2020  15:52:06
